<<<<<<< HEAD
C51 COMPILER V9.00   ADC                                                                   06/22/2015 22:52:31 PAGE 1   
=======
C51 COMPILER V9.00   ADC                                                                   06/17/2015 09:17:26 PAGE 1   
>>>>>>> parent of 838f16f... 说明：修改至最新，按键有大的改动，增加信号检测端口。


C51 COMPILER V9.00, COMPILATION OF MODULE ADC
OBJECT MODULE PLACED IN .\Objects\adc.obj
COMPILER INVOKED BY: C:\Keil\C51\BIN\C51.EXE source\adc.c RTX51 OPTIMIZE(8,SPEED) BROWSE DEBUG OBJECTEXTEND PRINT(.\List
                    -ings\adc.lst) OBJECT(.\Objects\adc.obj)

line level    source

   1          
   2          #include "adc.h"
   3          
   4          void AD_delay(unsigned int n)       //N usʱ
   5          {
   6   1         unsigned int i=0;
   7   1         for (i=0;i<n;i++)
   8   1              {
   9   2                      _nop_();
  10   2              }
  11   1      }
  12          
  13          
  14          void AD_init()//10λ
  15          {
<<<<<<< HEAD
  16   1              P1ASF|=0x0c;       //P1^2ں1^3ΪADCʹ
  17   1              CLK_DIV&=~0x20;      //0000,0100  ADRJ=110λA/Dתĸ2λADC_RESĵ2λУ8λADC_
             -RESL
  18   1              ADC_CONTR = ADC_POWER | ADC_SPEEDH; //1110,0000  ADC_POWER=1ADCԴ򿪣 SPEED1SPEED0ģת
             -תٶȿλ
=======
  16   1              P1ASF|=0x20;       //P1^5ΪADCʹ
  17   1              AUXR1|=0x04;      //0000,0100  ADRJ=110λA/Dתĸ2λADC_RESĵ2λУ8λADC_RES
             -L
  18   1              ADC_CONTR = 0xE0; //1110,0000  ADC_POWER=1ADCԴ򿪣 SPEED1SPEED0ģתתٶȿλ
>>>>>>> parent of 838f16f... 说明：修改至最新，按键有大的改动，增加信号检测端口。
  19   1              
  20   1              ADC_RES=0;     //߰λ,STC12C5A60S2 ADݼĴSTC12C54ϵвͬ
  21   1              ADC_RESL=0;    //λ
  22   1              AD_delay(2);      //ʹѹﵽȶ
<<<<<<< HEAD
  23   1      }
  24          
  25          WORD Get_ad_result(BYTE channel)
  26          {
  27   1              BYTE i;
  28   1              WORD ad_result=0,total=0;
  29   1              AD_init();
  30   1              for(i=0;i<ADC_TIMES;i++)
  31   1              {
  32   2                      ADC_CONTR |= ADC_POWER | ADC_SPEEDH | channel | ADC_START;   //0000,1xxx  ADC_START=1, A/D ת ;
             -ģźIOͨ
  33   2                      AD_delay(8);  //ʹѹﵽȶ
  34   2                      while( !(ADC_FLAG & ADC_CONTR) );  //0001,0000, ADC_FLAG ==1A/Dת
  35   2                      ADC_CONTR &= ~ADC_FLAG;  //1110,0111  ADC_FLAG=0,ADת־; ADC_START=0, رA/D ת,
  36   2                      ad_result=ADC_RES<<2|ADC_RESL;  //λλ   ( 0~1023)
  37   2                      total += ad_result;
  38   2              }
  39   1              total=total>>3;
  40   1              return total;  //  A/D ת
  41   1      }
  42          WORD Get_ad_result0(BYTE channel)
  43          {
  44   1              u16 ad_result = 0;
  45   1              
  46   1                      ADC_CONTR |= ADC_POWER | ADC_SPEEDH | channel | ADC_START;   //0000,1xxx  ADC_START=1, A/D ת ;
             -ģźIOͨ
  47   1                      AD_delay(4);  //ʹѹﵽȶ
  48   1                      while( !(ADC_FLAG & ADC_CONTR) );  //0001,0000, ADC_FLAG ==1A/Dת
  49   1                      ADC_CONTR &= ~ADC_FLAG;  //1110,0111  ADC_FLAG=0,ADת־; ADC_START=0, رA/D ת,
  50   1                      ad_result=ADC_RES<<2|ADC_RESL;  //λλ   ( 0~1023)
C51 COMPILER V9.00   ADC                                                                   06/22/2015 22:52:31 PAGE 2   
=======
  23   1              Get_ad_result0(5);
  24   1              Get_ad_result0(5);
  25   1              Get_ad_result0(5);
  26   1      }
  27          
  28          WORD Get_ad_result(BYTE channel)
  29          {
  30   1              BYTE i;
  31   1              WORD ad_result=0,total=0;
  32   1              for(i=0;i<ADC_TIMES;i++)
  33   1              {
  34   2                      ADC_CONTR |= ADC_POWER | ADC_SPEEDLL | channel | ADC_START;   //0000,1xxx  ADC_START=1, A/D ת ;
             -ѡģźIOͨ
  35   2                      AD_delay(8);  //ʹѹﵽȶ
  36   2                      while( !(ADC_FLAG & ADC_CONTR) );  //0001,0000, ADC_FLAG ==1A/Dת
  37   2                      ADC_CONTR &= ~ADC_FLAG;  //1110,0111  ADC_FLAG=0,ADת־; ADC_START=0, رA/D ת,
  38   2                      ad_result=ADC_RES<<2|ADC_RESL;  //λλ   ( 0~1023)
  39   2                      total += ad_result;
  40   2              }
  41   1              total=total>>3;
  42   1              return total;  //  A/D ת
  43   1      }
  44          WORD Get_ad_result0(BYTE channel)
  45          {
  46   1              u16 ad_result = 0;
  47   1              
  48   1                      ADC_CONTR |= ADC_POWER | ADC_SPEEDLL | channel | ADC_START;   //0000,1xxx  ADC_START=1, A/D ת ;
             -ѡģźIOͨ
  49   1                      AD_delay(4);  //ʹѹﵽȶ
  50   1                      while( !(ADC_FLAG & ADC_CONTR) );  //0001,0000, ADC_FLAG ==1A/Dת
  51   1                      ADC_CONTR &= ~ADC_FLAG;  //1110,0111  ADC_FLAG=0,ADת־; ADC_START=0, رA/D ת,
C51 COMPILER V9.00   ADC                                                                   06/17/2015 09:17:26 PAGE 2   
>>>>>>> parent of 838f16f... 说明：修改至最新，按键有大的改动，增加信号检测端口。

  51   1      
  52   1              return ad_result;  //  A/D ת
  53   1      }


MODULE INFORMATION:   STATIC OVERLAYABLE
   CODE SIZE        =    168    ----
   CONSTANT SIZE    =   ----    ----
   XDATA SIZE       =   ----    ----
   PDATA SIZE       =   ----    ----
   DATA SIZE        =   ----       2
   IDATA SIZE       =   ----    ----
   BIT SIZE         =   ----    ----
END OF MODULE INFORMATION.


C51 COMPILATION COMPLETE.  0 WARNING(S),  0 ERROR(S)
