C51 COMPILER V9.00   DELAY                                                                 06/06/2015 11:53:26 PAGE 1   


C51 COMPILER V9.00, COMPILATION OF MODULE DELAY
OBJECT MODULE PLACED IN .\Objects\delay.obj
COMPILER INVOKED BY: C:\Keil\C51\BIN\C51.EXE source\delay.c RTX51 OPTIMIZE(8,SPEED) BROWSE DEBUG OBJECTEXTEND PRINT(.\Li
                    -stings\delay.lst) OBJECT(.\Objects\delay.obj)

line level    source

   1          #include "delay.h"
   2          #include "main.h"
   3          void Delay_nms(unsigned int count)
   4          {
   5   1              unsigned int j = 0;
   6   1              for(count;count>0;count--)
   7   1                      for(j = 56;j>0;j--);
   8   1      }
   9          //========================================================================
  10          // ??: void  delay_ms(unsigned char ms)
  11          // ??: ?????
  12          // ??: ms,????ms?, ?????1~255ms. ???????.
  13          // ??: none.
  14          // ??: VER1.0
  15          // ??: 2013-4-1
  16          // ??: 
  17          //========================================================================
  18          void  delay_ms(unsigned int ms)
  19          {
  20   1           unsigned int i;
  21   1               do{
  22   2                    i = MAIN_Fosc / 13000;
  23   2                        while(--i)    ;
  24   2           }while(--ms);
  25   1      }


MODULE INFORMATION:   STATIC OVERLAYABLE
   CODE SIZE        =     53    ----
   CONSTANT SIZE    =   ----    ----
   XDATA SIZE       =   ----    ----
   PDATA SIZE       =   ----    ----
   DATA SIZE        =   ----    ----
   IDATA SIZE       =   ----    ----
   BIT SIZE         =   ----    ----
END OF MODULE INFORMATION.


C51 COMPILATION COMPLETE.  0 WARNING(S),  0 ERROR(S)
