C51 COMPILER V9.00   LED                                                                   06/10/2015 21:32:44 PAGE 1   


C51 COMPILER V9.00, COMPILATION OF MODULE LED
OBJECT MODULE PLACED IN .\Objects\LED.obj
COMPILER INVOKED BY: C:\Keil\C51\BIN\C51.EXE source\LED.c RTX51 OPTIMIZE(8,SPEED) BROWSE DEBUG OBJECTEXTEND PRINT(.\List
                    -ings\LED.lst) OBJECT(.\Objects\LED.obj)

line level    source

   1          /****************
   2          
   3          占用端口：
   4          Led1 = P3^7;
   5          Led2 = P3^3;
   6          Led3 = P3^2;
   7          Led0 = P3^6;
   8          给高电平亮
   9          下载器给低电平亮
  10          ****************/
  11          
  12          #include "led.h"
  13          #include "delay.h"
  14          void LedPortInit()
  15          {
  16   1              P3M0 |= 0xfc;//将P3口设置为普通IO口
  17   1              P3M1 &= 0x03;
  18   1              Led0 = 0;
  19   1              Led1 = 0;
  20   1              Led2 = 0;
  21   1              Led3 = 0;
  22   1      }
  23          
  24          void LedShanShuo()//用于报警闪烁
  25          {
  26   1              Led0 = 0;
  27   1              Led1 = 0;
  28   1              Led2 = 0;
  29   1              Led3 = 0;
  30   1              Delay_nms(500);
  31   1              Led0 = 1;
  32   1              Led1 = 1;
  33   1              Led2 = 1;
  34   1              Led3 = 1;
  35   1              Delay_nms(500);
  36   1      }
  37          void LedShanShuo1()
  38          {
  39   1              Led1 = 0;
  40   1              Delay_nms(500);
  41   1              Led1 = 1;
  42   1              Delay_nms(500);
  43   1      }
  44          void LedShanShuo2()
  45          {
  46   1              Led1 = 0;
  47   1              Delay_nms(500);
  48   1              Led1 = 1;
  49   1              Delay_nms(1000);
  50   1      }
  51          void LedShanShuo3()
  52          {
  53   1              Led1= 0;
  54   1              Delay_nms(1000);
C51 COMPILER V9.00   LED                                                                   06/10/2015 21:32:44 PAGE 2   

  55   1              Led1 = 1;
  56   1              Delay_nms(500);
  57   1      }
  58          void CloseLed(BYTE i)
  59          {
  60   1              if(i==0) Led0 = 1;
  61   1              if(i==1) Led1 = 1;
  62   1              if(i==2) Led2 = 1;
  63   1              if(i==3) Led3 = 1;
  64   1      }
  65          
  66          
  67                  
  68                  


MODULE INFORMATION:   STATIC OVERLAYABLE
   CODE SIZE        =    120    ----
   CONSTANT SIZE    =   ----    ----
   XDATA SIZE       =   ----    ----
   PDATA SIZE       =   ----    ----
   DATA SIZE        =   ----    ----
   IDATA SIZE       =   ----    ----
   BIT SIZE         =   ----    ----
END OF MODULE INFORMATION.


C51 COMPILATION COMPLETE.  0 WARNING(S),  0 ERROR(S)
